0 info it worked if it ends with ok
1 verbose cli [ 'D:\\node\\node.exe',
1 verbose cli   'D:\\node\\node_modules\\npm\\bin\\npm-cli.js',
1 verbose cli   'run',
1 verbose cli   'serve' ]
2 info using npm@6.9.0
3 info using node@v10.16.0
4 verbose stack Error: ENOENT: no such file or directory, open 'F:\web\to-do-list\package.json'
5 verbose cwd F:\web\to-do-list
6 verbose Windows_NT 10.0.18362
7 verbose argv "D:\\node\\node.exe" "D:\\node\\node_modules\\npm\\bin\\npm-cli.js" "run" "serve"
8 verbose node v10.16.0
9 verbose npm  v6.9.0
10 error path F:\web\to-do-list\package.json
11 error code ENOENT
12 error errno -4058
13 error syscall open
14 error enoent ENOENT: no such file or directory, open 'F:\web\to-do-list\package.json'
15 error enoent This is related to npm not being able to find a file.
16 verbose exit [ -4058, true ]
