0 info it worked if it ends with ok
1 verbose cli [ 'D:\\node\\node.exe',
1 verbose cli   'D:\\node\\node_modules\\npm\\bin\\npm-cli.js',
1 verbose cli   'run',
1 verbose cli   'serve' ]
2 info using npm@6.9.0
3 info using node@v10.16.0
4 verbose run-script [ 'preserve', 'serve', 'postserve' ]
5 info lifecycle todolist@0.1.0~preserve: todolist@0.1.0
6 info lifecycle todolist@0.1.0~serve: todolist@0.1.0
7 verbose lifecycle todolist@0.1.0~serve: unsafe-perm in lifecycle true
8 verbose lifecycle todolist@0.1.0~serve: PATH: D:\node\node_modules\npm\node_modules\npm-lifecycle\node-gyp-bin;F:\web\to-do-list\todolist\node_modules\.bin;C:\WINDOWS\system32;C:\WINDOWS;C:\WINDOWS\System32\Wbem;C:\WINDOWS\System32\WindowsPowerShell\v1.0\;C:\Program Files\dotnet\;C:\Program Files\Microsoft SQL Server\130\Tools\Binn\;C:\WINDOWS\System32\OpenSSH\;D:\git\Git\cmd;C:\Program Files\Java\jdk-12.0.1\bin;C:\Program Files\Java\jdk-12.0.1\jre\bin;D:\tomcat\Tomcat\lib;D:\tomcat\Tomcat\bin;D:\node\;D:\node\node_global;F:\OpenFace+Unity\dll;C:\Users\96918\AppData\Local\Microsoft\WindowsApps;C:\Users\96918\AppData\Local\GitHubDesktop\bin;C:\Users\96918\AppData\Local\Microsoft\WindowsApps;;D:\vs code\Microsoft VS Code\bin;C:\Users\96918\AppData\Roaming\npm;D:\clion\CLion 2019.2.2\bin;;D:\webstorm\WebStorm 2019.2.2\bin;
9 verbose lifecycle todolist@0.1.0~serve: CWD: F:\web\to-do-list\todolist
10 silly lifecycle todolist@0.1.0~serve: Args: [ '/d /s /c', 'vue-cli-service serve' ]
11 silly lifecycle todolist@0.1.0~serve: Returned: code: 1  signal: null
12 info lifecycle todolist@0.1.0~serve: Failed to exec serve script
13 verbose stack Error: todolist@0.1.0 serve: `vue-cli-service serve`
13 verbose stack Exit status 1
13 verbose stack     at EventEmitter.<anonymous> (D:\node\node_modules\npm\node_modules\npm-lifecycle\index.js:301:16)
13 verbose stack     at EventEmitter.emit (events.js:198:13)
13 verbose stack     at ChildProcess.<anonymous> (D:\node\node_modules\npm\node_modules\npm-lifecycle\lib\spawn.js:55:14)
13 verbose stack     at ChildProcess.emit (events.js:198:13)
13 verbose stack     at maybeClose (internal/child_process.js:982:16)
13 verbose stack     at Process.ChildProcess._handle.onexit (internal/child_process.js:259:5)
14 verbose pkgid todolist@0.1.0
15 verbose cwd F:\web\to-do-list\todolist
16 verbose Windows_NT 10.0.18362
17 verbose argv "D:\\node\\node.exe" "D:\\node\\node_modules\\npm\\bin\\npm-cli.js" "run" "serve"
18 verbose node v10.16.0
19 verbose npm  v6.9.0
20 error code ELIFECYCLE
21 error errno 1
22 error todolist@0.1.0 serve: `vue-cli-service serve`
22 error Exit status 1
23 error Failed at the todolist@0.1.0 serve script.
23 error This is probably not a problem with npm. There is likely additional logging output above.
24 verbose exit [ 1, true ]
